This file contains any messages produced by compilers while
running configure, to aid debugging if configure makes a mistake.

It was created by shc configure 4.0.3, which was
generated by GNU Autoconf 2.72.  Invocation command line was

  $ ./configure

## --------- ##
## Platform. ##
## --------- ##

hostname = kali
uname -m = x86_64
uname -r = 6.12.13-amd64
uname -s = Linux
uname -v = #1 SMP PREEMPT_DYNAMIC Kali 6.12.13-1kali1 (2025-02-11)

/usr/bin/uname -p = unknown
/bin/uname -X     = unknown

/bin/arch              = x86_64
/usr/bin/arch -k       = unknown
/usr/convex/getsysinfo = unknown
/usr/bin/hostinfo      = unknown
/bin/machine           = unknown
/usr/bin/oslevel       = unknown
/bin/universe          = unknown

PATH: /home/kali/.local/bin/
PATH: /usr/local/sbin/
PATH: /usr/sbin/
PATH: /sbin/
PATH: /usr/local/bin/
PATH: /usr/bin/
PATH: /bin/
PATH: /usr/local/games/
PATH: /usr/games/
PATH: /home/kali/.dotnet/tools/


## ----------- ##
## Core tests. ##
## ----------- ##

configure:2421: looking for aux files: config.guess config.sub compile missing install-sh
configure:2434:  trying ./config/
configure:2463:   ./config/config.guess found
configure:2463:   ./config/config.sub found
configure:2463:   ./config/compile found
configure:2463:   ./config/missing found
configure:2445:   ./config/install-sh found
configure:2598: checking for a BSD-compatible install
configure:2672: result: /usr/bin/install -c
configure:2683: checking whether sleep supports fractional seconds
configure:2699: result: yes
configure:2702: checking filesystem timestamp resolution
configure:2837: result: 0.01
configure:2842: checking whether build environment is sane
configure:2883: result: yes
configure:3054: checking for a race-free mkdir -p
configure:3097: result: /usr/bin/mkdir -p
configure:3104: checking for gawk
configure:3125: found /usr/bin/gawk
configure:3137: result: gawk
configure:3148: checking whether make sets $(MAKE)
configure:3172: result: yes
configure:3198: checking whether make supports nested variables
configure:3217: result: yes
configure:3231: checking xargs -n works
configure:3247: result: yes
configure:3410: checking for gcc
configure:3431: found /usr/bin/gcc
configure:3443: result: gcc
configure:3802: checking for C compiler version
configure:3811: gcc --version >&5
gcc (Debian 14.2.0-16) 14.2.0
Copyright (C) 2024 Free Software Foundation, Inc.
This is free software; see the source for copying conditions.  There is NO
warranty; not even for MERCHANTABILITY or FITNESS FOR A PARTICULAR PURPOSE.

configure:3822: $? = 0
configure:3811: gcc -v >&5
Using built-in specs.
COLLECT_GCC=gcc
COLLECT_LTO_WRAPPER=/usr/libexec/gcc/x86_64-linux-gnu/14/lto-wrapper
OFFLOAD_TARGET_NAMES=nvptx-none:amdgcn-amdhsa
OFFLOAD_TARGET_DEFAULT=1
Target: x86_64-linux-gnu
Configured with: ../src/configure -v --with-pkgversion='Debian 14.2.0-16' --with-bugurl=file:///usr/share/doc/gcc-14/README.Bugs --enable-languages=c,ada,c++,go,d,fortran,objc,obj-c++,m2,rust --prefix=/usr --with-gcc-major-version-only --program-suffix=-14 --program-prefix=x86_64-linux-gnu- --enable-shared --enable-linker-build-id --libexecdir=/usr/libexec --without-included-gettext --enable-threads=posix --libdir=/usr/lib --enable-nls --enable-bootstrap --enable-clocale=gnu --enable-libstdcxx-debug --enable-libstdcxx-time=yes --with-default-libstdcxx-abi=new --enable-libstdcxx-backtrace --enable-gnu-unique-object --disable-vtable-verify --enable-plugin --enable-default-pie --with-system-zlib --enable-libphobos-checking=release --with-target-system-zlib=auto --enable-objc-gc=auto --enable-multiarch --disable-werror --enable-cet --with-arch-32=i686 --with-abi=m64 --with-multilib-list=m32,m64,mx32 --enable-multilib --with-tune=generic --enable-offload-targets=nvptx-none=/build/reproducible-path/gcc-14-14.2.0/debian/tmp-nvptx/usr,amdgcn-amdhsa=/build/reproducible-path/gcc-14-14.2.0/debian/tmp-gcn/usr --enable-offload-defaulted --without-cuda-driver --enable-checking=release --build=x86_64-linux-gnu --host=x86_64-linux-gnu --target=x86_64-linux-gnu --with-build-config=bootstrap-lto-lean --enable-link-serialization=3
Thread model: posix
Supported LTO compression algorithms: zlib zstd
gcc version 14.2.0 (Debian 14.2.0-16) 
... rest of stderr output deleted ...
configure:3822: $? = 0
configure:3811: gcc -V >&5
gcc: error: unrecognized command-line option '-V'
gcc: fatal error: no input files
compilation terminated.
configure:3822: $? = 1
configure:3811: gcc -qversion >&5
gcc: error: unrecognized command-line option '-qversion'; did you mean '--version'?
gcc: fatal error: no input files
compilation terminated.
configure:3822: $? = 1
configure:3811: gcc -version >&5
gcc: error: unrecognized command-line option '-version'
gcc: fatal error: no input files
compilation terminated.
configure:3822: $? = 1
configure:3842: checking whether the C compiler works
configure:3864: gcc    conftest.c  >&5
configure:3868: $? = 0
configure:3919: result: yes
configure:3923: checking for C compiler default output file name
configure:3925: result: a.out
configure:3931: checking for suffix of executables
configure:3938: gcc -o conftest    conftest.c  >&5
configure:3942: $? = 0
configure:3966: result: 
configure:3990: checking whether we are cross compiling
configure:3998: gcc -o conftest    conftest.c  >&5
configure:4002: $? = 0
configure:4009: ./conftest
configure:4013: $? = 0
configure:4028: result: no
configure:4034: checking for suffix of object files
configure:4057: gcc -c   conftest.c >&5
configure:4061: $? = 0
configure:4085: result: o
configure:4089: checking whether the compiler supports GNU C
configure:4109: gcc -c   conftest.c >&5
configure:4109: $? = 0
configure:4121: result: yes
configure:4132: checking whether gcc accepts -g
configure:4153: gcc -c -g  conftest.c >&5
configure:4153: $? = 0
configure:4200: result: yes
configure:4220: checking for gcc option to enable C11 features
configure:4235: gcc  -c -g -O2  conftest.c >&5
configure:4235: $? = 0
configure:4254: result: none needed
configure:4378: checking whether gcc understands -c and -o together
configure:4401: gcc -c conftest.c -o conftest2.o
configure:4404: $? = 0
configure:4401: gcc -c conftest.c -o conftest2.o
configure:4404: $? = 0
configure:4417: result: yes
configure:4437: checking whether make supports the include directive
configure:4452: make -f confmf.GNU && cat confinc.out
this is the am__doit target
configure:4455: $? = 0
configure:4474: result: yes (GNU style)
configure:4500: checking dependency style of gcc
configure:4613: result: gcc3
configure:4638: checking for stdio.h
configure:4638: gcc -c -g -O2  conftest.c >&5
configure:4638: $? = 0
configure:4638: result: yes
configure:4638: checking for stdlib.h
configure:4638: gcc -c -g -O2  conftest.c >&5
configure:4638: $? = 0
configure:4638: result: yes
configure:4638: checking for string.h
configure:4638: gcc -c -g -O2  conftest.c >&5
configure:4638: $? = 0
configure:4638: result: yes
configure:4638: checking for inttypes.h
configure:4638: gcc -c -g -O2  conftest.c >&5
configure:4638: $? = 0
configure:4638: result: yes
configure:4638: checking for stdint.h
configure:4638: gcc -c -g -O2  conftest.c >&5
configure:4638: $? = 0
configure:4638: result: yes
configure:4638: checking for strings.h
configure:4638: gcc -c -g -O2  conftest.c >&5
configure:4638: $? = 0
configure:4638: result: yes
configure:4638: checking for sys/stat.h
configure:4638: gcc -c -g -O2  conftest.c >&5
configure:4638: $? = 0
configure:4638: result: yes
configure:4638: checking for sys/types.h
configure:4638: gcc -c -g -O2  conftest.c >&5
configure:4638: $? = 0
configure:4638: result: yes
configure:4638: checking for unistd.h
configure:4638: gcc -c -g -O2  conftest.c >&5
configure:4638: $? = 0
configure:4638: result: yes
configure:4638: checking for sys/time.h
configure:4638: gcc -c -g -O2  conftest.c >&5
configure:4638: $? = 0
configure:4638: result: yes
configure:4663: checking for fcntl.h
configure:4663: gcc -c -g -O2  conftest.c >&5
configure:4663: $? = 0
configure:4663: result: yes
configure:4669: checking for stdlib.h
configure:4669: result: yes
configure:4675: checking for string.h
configure:4675: result: yes
configure:4681: checking for unistd.h
configure:4681: result: yes
configure:4690: checking for struct stat.st_rdev
configure:4690: gcc -c -g -O2  conftest.c >&5
configure:4690: $? = 0
configure:4690: result: yes
configure:4707: checking build system type
configure:4723: result: x86_64-pc-linux-gnu
configure:4743: checking host system type
configure:4758: result: x86_64-pc-linux-gnu
configure:4778: checking for GNU libc compatible malloc
configure:4810: gcc -o conftest -g -O2   conftest.c  >&5
configure:4810: $? = 0
configure:4810: ./conftest
configure:4810: $? = 0
configure:4824: result: yes
configure:4852: checking for alarm
configure:4852: gcc -o conftest -g -O2   conftest.c  >&5
configure:4852: $? = 0
configure:4852: result: yes
configure:4863: checking for working mktime
configure:5061: gcc -o conftest -g -O2   conftest.c  >&5
configure:5061: $? = 0
configure:5061: ./conftest
configure:5061: $? = 0
configure:5075: result: yes
configure:5086: checking for GNU libc compatible realloc
configure:5118: gcc -o conftest -g -O2   conftest.c  >&5
configure:5118: $? = 0
configure:5118: ./conftest
configure:5118: $? = 0
configure:5132: result: yes
configure:5155: checking for memset
configure:5155: gcc -o conftest -g -O2   conftest.c  >&5
conftest.c:46:6: warning: conflicting types for built-in function 'memset'; expected 'void *(void *, int,  long unsigned int)' [-Wbuiltin-declaration-mismatch]
   46 | char memset (void);
      |      ^~~~~~
conftest.c:38:1: note: 'memset' is declared in header '<string.h>'
   37 | #include <limits.h>
   38 | #undef memset
configure:5155: $? = 0
configure:5155: result: yes
configure:5161: checking for putenv
configure:5161: gcc -o conftest -g -O2   conftest.c  >&5
configure:5161: $? = 0
configure:5161: result: yes
configure:5167: checking for strchr
configure:5167: gcc -o conftest -g -O2   conftest.c  >&5
conftest.c:48:6: warning: conflicting types for built-in function 'strchr'; expected 'char *(const char *, int)' [-Wbuiltin-declaration-mismatch]
   48 | char strchr (void);
      |      ^~~~~~
conftest.c:40:1: note: 'strchr' is declared in header '<string.h>'
   39 | #include <limits.h>
   40 | #undef strchr
configure:5167: $? = 0
configure:5167: result: yes
configure:5173: checking for strdup
configure:5173: gcc -o conftest -g -O2   conftest.c  >&5
conftest.c:49:6: warning: conflicting types for built-in function 'strdup'; expected 'char *(const char *)' [-Wbuiltin-declaration-mismatch]
   49 | char strdup (void);
      |      ^~~~~~
configure:5173: $? = 0
configure:5173: result: yes
configure:5179: checking for strrchr
configure:5179: gcc -o conftest -g -O2   conftest.c  >&5
conftest.c:50:6: warning: conflicting types for built-in function 'strrchr'; expected 'char *(const char *, int)' [-Wbuiltin-declaration-mismatch]
   50 | char strrchr (void);
      |      ^~~~~~~
conftest.c:42:1: note: 'strrchr' is declared in header '<string.h>'
   41 | #include <limits.h>
   42 | #undef strrchr
configure:5179: $? = 0
configure:5179: result: yes
configure:5325: checking that generated files are newer than configure
configure:5331: result: done
configure:5366: creating ./config.status

## ---------------------- ##
## Running config.status. ##
## ---------------------- ##

This file was extended by shc config.status 4.0.3, which was
generated by GNU Autoconf 2.72.  Invocation command line was

  CONFIG_FILES    = 
  CONFIG_HEADERS  = 
  CONFIG_LINKS    = 
  CONFIG_COMMANDS = 
  $ ./config.status 

on kali

config.status:786: creating Makefile
config.status:786: creating src/Makefile
config.status:958: executing depfiles commands
config.status:1035: cd src       && sed -e '/# am--include-marker/d' Makefile         | make -f - am--depfiles
config.status:1040: $? = 0

## ---------------- ##
## Cache variables. ##
## ---------------- ##

ac_cv_build=x86_64-pc-linux-gnu
ac_cv_c_compiler_gnu=yes
ac_cv_env_CC_set=
ac_cv_env_CC_value=
ac_cv_env_CFLAGS_set=
ac_cv_env_CFLAGS_value=
ac_cv_env_CPPFLAGS_set=
ac_cv_env_CPPFLAGS_value=
ac_cv_env_LDFLAGS_set=
ac_cv_env_LDFLAGS_value=
ac_cv_env_LIBS_set=
ac_cv_env_LIBS_value=
ac_cv_env_build_alias_set=
ac_cv_env_build_alias_value=
ac_cv_env_host_alias_set=
ac_cv_env_host_alias_value=
ac_cv_env_target_alias_set=
ac_cv_env_target_alias_value=
ac_cv_func_alarm=yes
ac_cv_func_malloc_0_nonnull=yes
ac_cv_func_memset=yes
ac_cv_func_putenv=yes
ac_cv_func_realloc_0_nonnull=yes
ac_cv_func_strchr=yes
ac_cv_func_strdup=yes
ac_cv_func_strrchr=yes
ac_cv_func_working_mktime=yes
ac_cv_header_fcntl_h=yes
ac_cv_header_inttypes_h=yes
ac_cv_header_stdint_h=yes
ac_cv_header_stdio_h=yes
ac_cv_header_stdlib_h=yes
ac_cv_header_string_h=yes
ac_cv_header_strings_h=yes
ac_cv_header_sys_stat_h=yes
ac_cv_header_sys_time_h=yes
ac_cv_header_sys_types_h=yes
ac_cv_header_unistd_h=yes
ac_cv_host=x86_64-pc-linux-gnu
ac_cv_member_struct_stat_st_rdev=yes
ac_cv_objext=o
ac_cv_path_install='/usr/bin/install -c'
ac_cv_path_mkdir=/usr/bin/mkdir
ac_cv_prog_AWK=gawk
ac_cv_prog_ac_ct_CC=gcc
ac_cv_prog_cc_c11=
ac_cv_prog_cc_g=yes
ac_cv_prog_cc_stdc=
ac_cv_prog_make_make_set=yes
am_cv_CC_dependencies_compiler_type=gcc3
am_cv_filesystem_timestamp_resolution=0.01
am_cv_make_support_nested_variables=yes
am_cv_prog_cc_c_o=yes
am_cv_sleep_fractional_seconds=yes
am_cv_xargs_n_works=yes

## ----------------- ##
## Output variables. ##
## ----------------- ##

ACLOCAL='${SHELL} '\''/home/kali/stockholm/proj5/shc/config/missing'\'' aclocal-1.17'
AMDEPBACKSLASH='\'
AMDEP_FALSE='#'
AMDEP_TRUE=''
AMTAR='$${TAR-tar}'
AM_BACKSLASH='\'
AM_DEFAULT_V='$(AM_DEFAULT_VERBOSITY)'
AM_DEFAULT_VERBOSITY='1'
AM_V='$(V)'
AUTOCONF='${SHELL} '\''/home/kali/stockholm/proj5/shc/config/missing'\'' autoconf'
AUTOHEADER='${SHELL} '\''/home/kali/stockholm/proj5/shc/config/missing'\'' autoheader'
AUTOMAKE='${SHELL} '\''/home/kali/stockholm/proj5/shc/config/missing'\'' automake-1.17'
AWK='gawk'
CC='gcc'
CCDEPMODE='depmode=gcc3'
CFLAGS='-g -O2'
CPPFLAGS=''
CSCOPE='cscope'
CTAGS='ctags'
CYGPATH_W='echo'
DEFS='-DPACKAGE_NAME=\"shc\" -DPACKAGE_TARNAME=\"shc\" -DPACKAGE_VERSION=\"4.0.3\" -DPACKAGE_STRING=\"shc\ 4.0.3\" -DPACKAGE_BUGREPORT=\"http://github.com/neurobin/shc/issues\" -DPACKAGE_URL=\"\" -DPACKAGE=\"shc\" -DVERSION=\"4.0.3\" -DHAVE_STDIO_H=1 -DHAVE_STDLIB_H=1 -DHAVE_STRING_H=1 -DHAVE_INTTYPES_H=1 -DHAVE_STDINT_H=1 -DHAVE_STRINGS_H=1 -DHAVE_SYS_STAT_H=1 -DHAVE_SYS_TYPES_H=1 -DHAVE_UNISTD_H=1 -DHAVE_SYS_TIME_H=1 -DSTDC_HEADERS=1 -DHAVE_FCNTL_H=1 -DHAVE_STDLIB_H=1 -DHAVE_STRING_H=1 -DHAVE_UNISTD_H=1 -DHAVE_STRUCT_STAT_ST_RDEV=1 -DHAVE_MALLOC=1 -DHAVE_ALARM=1 -DHAVE_REALLOC=1 -DHAVE_MEMSET=1 -DHAVE_PUTENV=1 -DHAVE_STRCHR=1 -DHAVE_STRDUP=1 -DHAVE_STRRCHR=1'
DEPDIR='.deps'
ECHO_C=''
ECHO_N='-n'
ECHO_T=''
ETAGS='etags'
EXEEXT=''
INSTALL_DATA='${INSTALL} -m 644'
INSTALL_PROGRAM='${INSTALL}'
INSTALL_SCRIPT='${INSTALL}'
INSTALL_STRIP_PROGRAM='$(install_sh) -c -s'
LDFLAGS=''
LIBOBJS=''
LIBS=''
LTLIBOBJS=''
MAKEINFO='${SHELL} '\''/home/kali/stockholm/proj5/shc/config/missing'\'' makeinfo'
MKDIR_P='/usr/bin/mkdir -p'
OBJEXT='o'
PACKAGE='shc'
PACKAGE_BUGREPORT='http://github.com/neurobin/shc/issues'
PACKAGE_NAME='shc'
PACKAGE_STRING='shc 4.0.3'
PACKAGE_TARNAME='shc'
PACKAGE_URL=''
PACKAGE_VERSION='4.0.3'
PATH_SEPARATOR=':'
SET_MAKE=''
SHELL='/bin/bash'
STRIP=''
VERSION='4.0.3'
ac_ct_CC='gcc'
am__EXEEXT_FALSE=''
am__EXEEXT_TRUE='#'
am__fastdepCC_FALSE='#'
am__fastdepCC_TRUE=''
am__include='include'
am__isrc=''
am__leading_dot='.'
am__nodep='_no'
am__quote=''
am__rm_f_notfound=''
am__tar='$${TAR-tar} chof - "$$tardir"'
am__untar='$${TAR-tar} xf -'
am__xargs_n='xargs -n'
bindir='${exec_prefix}/bin'
build='x86_64-pc-linux-gnu'
build_alias=''
build_cpu='x86_64'
build_os='linux-gnu'
build_vendor='pc'
datadir='${datarootdir}'
datarootdir='${prefix}/share'
docdir='${datarootdir}/doc/${PACKAGE_TARNAME}'
dvidir='${docdir}'
exec_prefix='${prefix}'
host='x86_64-pc-linux-gnu'
host_alias=''
host_cpu='x86_64'
host_os='linux-gnu'
host_vendor='pc'
htmldir='${docdir}'
includedir='${prefix}/include'
infodir='${datarootdir}/info'
install_sh='${SHELL} /home/kali/stockholm/proj5/shc/config/install-sh'
libdir='${exec_prefix}/lib'
libexecdir='${exec_prefix}/libexec'
localedir='${datarootdir}/locale'
localstatedir='${prefix}/var'
mandir='${datarootdir}/man'
mkdir_p='$(MKDIR_P)'
oldincludedir='/usr/include'
pdfdir='${docdir}'
prefix='/usr/local'
program_transform_name='s,x,x,'
psdir='${docdir}'
runstatedir='${localstatedir}/run'
sbindir='${exec_prefix}/sbin'
sharedstatedir='${prefix}/com'
sysconfdir='${prefix}/etc'
target_alias=''

## ----------- ##
## confdefs.h. ##
## ----------- ##

/* confdefs.h */
#define PACKAGE_NAME "shc"
#define PACKAGE_TARNAME "shc"
#define PACKAGE_VERSION "4.0.3"
#define PACKAGE_STRING "shc 4.0.3"
#define PACKAGE_BUGREPORT "http://github.com/neurobin/shc/issues"
#define PACKAGE_URL ""
#define PACKAGE "shc"
#define VERSION "4.0.3"
#define HAVE_STDIO_H 1
#define HAVE_STDLIB_H 1
#define HAVE_STRING_H 1
#define HAVE_INTTYPES_H 1
#define HAVE_STDINT_H 1
#define HAVE_STRINGS_H 1
#define HAVE_SYS_STAT_H 1
#define HAVE_SYS_TYPES_H 1
#define HAVE_UNISTD_H 1
#define HAVE_SYS_TIME_H 1
#define STDC_HEADERS 1
#define HAVE_FCNTL_H 1
#define HAVE_STDLIB_H 1
#define HAVE_STRING_H 1
#define HAVE_UNISTD_H 1
#define HAVE_STRUCT_STAT_ST_RDEV 1
#define HAVE_MALLOC 1
#define HAVE_ALARM 1
#define HAVE_REALLOC 1
#define HAVE_MEMSET 1
#define HAVE_PUTENV 1
#define HAVE_STRCHR 1
#define HAVE_STRDUP 1
#define HAVE_STRRCHR 1

configure: exit 0
